Fitter report for controller
Mon Jul 05 11:12:22 2021
Quartus II Version 9.1 Build 222 10/21/2009 SJ Full Version


---------------------
; Table of Contents ;
---------------------
  1. Legal Notice
  2. Fitter Summary
  3. Fitter Settings
  4. Parallel Compilation
  5. Pin-Out File
  6. Fitter Resource Usage Summary
  7. Input Pins
  8. Output Pins
  9. All Package Pins
 10. I/O Standard
 11. Dedicated Inputs I/O
 12. Output Pin Default Load For Reported TCO
 13. Fitter Resource Utilization by Entity
 14. Control Signals
 15. Global & Other Fast Signals
 16. Non-Global High Fan-Out Signals
 17. Interconnect Usage Summary
 18. LAB External Interconnect
 19. LAB Macrocells
 20. Parallel Expander
 21. Logic Cell Interconnection
 22. Fitter Device Options
 23. Fitter Messages



----------------
; Legal Notice ;
----------------
Copyright (C) 1991-2009 Altera Corporation
Your use of Altera Corporation's design tools, logic functions 
and other software and tools, and its AMPP partner logic 
functions, and any output files from any of the foregoing 
(including device programming or simulation files), and any 
associated documentation or information are expressly subject 
to the terms and conditions of the Altera Program License 
Subscription Agreement, Altera MegaCore Function License 
Agreement, or other applicable license agreement, including, 
without limitation, that your use is for the sole purpose of 
programming logic devices manufactured by Altera and sold by 
Altera or its authorized distributors.  Please refer to the 
applicable agreement for further details.



+------------------------------------------------------------------+
; Fitter Summary                                                   ;
+-----------------------+------------------------------------------+
; Fitter Status         ; Successful - Mon Jul 05 11:12:22 2021    ;
; Quartus II Version    ; 9.1 Build 222 10/21/2009 SJ Full Version ;
; Revision Name         ; controller                               ;
; Top-level Entity Name ; controller                               ;
; Family                ; MAX7000S                                 ;
; Device                ; EPM7128SLC84-15                          ;
; Timing Models         ; Final                                    ;
; Total macrocells      ; 41 / 128 ( 32 % )                        ;
; Total pins            ; 45 / 68 ( 66 % )                         ;
+-----------------------+------------------------------------------+


+--------------------------------------------------------------------------------------------------------------+
; Fitter Settings                                                                                              ;
+----------------------------------------------------------------------------+-----------------+---------------+
; Option                                                                     ; Setting         ; Default Value ;
+----------------------------------------------------------------------------+-----------------+---------------+
; Device                                                                     ; EPM7128SLC84-15 ;               ;
; Use smart compilation                                                      ; Off             ; Off           ;
; Enable parallel Assembler and TimeQuest Timing Analyzer during compilation ; On              ; On            ;
; Enable compact report table                                                ; Off             ; Off           ;
; Use TimeQuest Timing Analyzer                                              ; Off             ; Off           ;
; Optimize Timing for ECOs                                                   ; Off             ; Off           ;
; Regenerate full fit report during ECO compiles                             ; Off             ; Off           ;
; Optimize IOC Register Placement for Timing                                 ; On              ; On            ;
; Limit to One Fitting Attempt                                               ; Off             ; Off           ;
; Fitter Initial Placement Seed                                              ; 1               ; 1             ;
; Slow Slew Rate                                                             ; Off             ; Off           ;
; Fitter Effort                                                              ; Auto Fit        ; Auto Fit      ;
; Force Fitter to Avoid Periphery Placement Warnings                         ; Off             ; Off           ;
; Use Best Effort Settings for Compilation                                   ; Off             ; Off           ;
+----------------------------------------------------------------------------+-----------------+---------------+


+------------------------------------------+
; Parallel Compilation                     ;
+----------------------------+-------------+
; Processors                 ; Number      ;
+----------------------------+-------------+
; Number detected on machine ; 4           ;
; Maximum allowed            ; 4           ;
;                            ;             ;
; Average used               ; 1.00        ;
; Maximum used               ; 1           ;
;                            ;             ;
; Usage by Processor         ; % Time Used ;
;     1 processor            ; 100.0%      ;
;     2-4 processors         ;   0.0%      ;
+----------------------------+-------------+


+--------------+
; Pin-Out File ;
+--------------+
The pin-out file can be found in C:/Users/Administrator/Desktop/controller/output_files/controller.pin.


+-------------------------------------------------------+
; Fitter Resource Usage Summary                         ;
+-----------------------------------+-------------------+
; Resource                          ; Usage             ;
+-----------------------------------+-------------------+
; Logic cells                       ; 41 / 128 ( 32 % ) ;
; Registers                         ; 1 / 128 ( < 1 % ) ;
; Number of pterms used             ; 133               ;
; User inserted logic elements      ; 0                 ;
; I/O pins                          ; 45 / 68 ( 66 % )  ;
;     -- Clock pins                 ; 2 / 2 ( 100 % )   ;
;     -- Dedicated input pins       ; 2 / 2 ( 100 % )   ;
; Global signals                    ; 2                 ;
; Shareable expanders               ; 0 / 128 ( 0 % )   ;
; Parallel expanders                ; 9 / 120 ( 8 % )   ;
; Cells using turbo bit             ; 41 / 128 ( 32 % ) ;
; Maximum fan-out node              ; CLR               ;
; Maximum fan-out                   ; 37                ;
; Highest non-global fan-out signal ; SWA               ;
; Highest non-global fan-out        ; 35                ;
; Total fan-out                     ; 379               ;
; Average fan-out                   ; 4.41              ;
+-----------------------------------+-------------------+


+--------------------------------------------------------------------------------------------------------------------------------------------+
; Input Pins                                                                                                                                 ;
+------+-------+----------+-----+-----------------------+--------------------+--------+----------------+--------------+----------------------+
; Name ; Pin # ; I/O Bank ; LAB ; Combinational Fan-Out ; Registered Fan-Out ; Global ; Input Register ; I/O Standard ; Location assigned by ;
+------+-------+----------+-----+-----------------------+--------------------+--------+----------------+--------------+----------------------+
; C    ; 2     ; --       ; --  ; 6                     ; 0                  ; no     ; no             ; TTL          ; User                 ;
; CLR  ; 1     ; --       ; --  ; 37                    ; 0                  ; yes    ; no             ; TTL          ; User                 ;
; IR4  ; 8     ; --       ; 1   ; 26                    ; 0                  ; no     ; no             ; TTL          ; User                 ;
; IR5  ; 9     ; --       ; 1   ; 25                    ; 0                  ; no     ; no             ; TTL          ; User                 ;
; IR6  ; 10    ; --       ; 1   ; 26                    ; 0                  ; no     ; no             ; TTL          ; User                 ;
; IR7  ; 11    ; --       ; 1   ; 26                    ; 0                  ; no     ; no             ; TTL          ; User                 ;
; SWA  ; 4     ; --       ; 1   ; 35                    ; 0                  ; no     ; no             ; TTL          ; User                 ;
; SWB  ; 5     ; --       ; 1   ; 34                    ; 0                  ; no     ; no             ; TTL          ; User                 ;
; SWC  ; 6     ; --       ; 1   ; 35                    ; 0                  ; no     ; no             ; TTL          ; User                 ;
; T3   ; 83    ; --       ; --  ; 1                     ; 0                  ; yes    ; no             ; TTL          ; User                 ;
; W1   ; 12    ; --       ; 1   ; 30                    ; 0                  ; no     ; no             ; TTL          ; User                 ;
; W2   ; 15    ; --       ; 2   ; 19                    ; 0                  ; no     ; no             ; TTL          ; User                 ;
; W3   ; 16    ; --       ; 2   ; 0                     ; 0                  ; no     ; no             ; TTL          ; User                 ;
; Z    ; 84    ; --       ; --  ; 6                     ; 0                  ; no     ; no             ; TTL          ; User                 ;
+------+-------+----------+-----+-----------------------+--------------------+--------+----------------+--------------+----------------------+


+--------------------------------------------------------------------------------------------------------------------------------------------------------------------------------------------+
; Output Pins                                                                                                                                                                                ;
+--------+-------+----------+-----+-----------------+----------------+------------+---------------+--------------+----------------------+-------+----------------------+---------------------+
; Name   ; Pin # ; I/O Bank ; LAB ; Output Register ; Slow Slew Rate ; Open Drain ; TRI Primitive ; I/O Standard ; Location assigned by ; Load  ; Output Enable Source ; Output Enable Group ;
+--------+-------+----------+-----+-----------------+----------------+------------+---------------+--------------+----------------------+-------+----------------------+---------------------+
; ABUS   ; 40    ; --       ; 4   ; no              ; no             ; no         ; no            ; TTL          ; User                 ; 10 pF ; -                    ; -                   ;
; ARINC  ; 24    ; --       ; 3   ; no              ; no             ; no         ; no            ; TTL          ; User                 ; 10 pF ; -                    ; -                   ;
; CIN    ; 33    ; --       ; 4   ; no              ; no             ; no         ; no            ; TTL          ; User                 ; 10 pF ; -                    ; -                   ;
; DRW    ; 20    ; --       ; 2   ; no              ; no             ; no         ; no            ; TTL          ; User                 ; 10 pF ; -                    ; -                   ;
; LAR    ; 25    ; --       ; 3   ; no              ; no             ; no         ; no            ; TTL          ; User                 ; 10 pF ; -                    ; -                   ;
; LDC    ; 31    ; --       ; 3   ; no              ; no             ; no         ; no            ; TTL          ; User                 ; 10 pF ; -                    ; -                   ;
; LDZ    ; 30    ; --       ; 3   ; no              ; no             ; no         ; no            ; TTL          ; User                 ; 10 pF ; -                    ; -                   ;
; LIR    ; 29    ; --       ; 3   ; no              ; no             ; no         ; no            ; TTL          ; User                 ; 10 pF ; -                    ; -                   ;
; LONG   ; 46    ; --       ; 5   ; no              ; no             ; no         ; no            ; TTL          ; User                 ; 10 pF ; -                    ; -                   ;
; LPC    ; 22    ; --       ; 2   ; no              ; no             ; no         ; no            ; TTL          ; User                 ; 10 pF ; -                    ; -                   ;
; M      ; 39    ; --       ; 4   ; no              ; no             ; no         ; no            ; TTL          ; User                 ; 10 pF ; -                    ; -                   ;
; MBUS   ; 44    ; --       ; 5   ; no              ; no             ; no         ; no            ; TTL          ; User                 ; 10 pF ; -                    ; -                   ;
; MEMW   ; 27    ; --       ; 3   ; no              ; no             ; no         ; no            ; TTL          ; User                 ; 10 pF ; -                    ; -                   ;
; PCADD  ; 18    ; --       ; 2   ; no              ; no             ; no         ; no            ; TTL          ; User                 ; 10 pF ; -                    ; -                   ;
; PCINC  ; 21    ; --       ; 2   ; no              ; no             ; no         ; no            ; TTL          ; User                 ; 10 pF ; -                    ; -                   ;
; S0     ; 34    ; --       ; 4   ; no              ; no             ; no         ; no            ; TTL          ; User                 ; 10 pF ; -                    ; -                   ;
; S1     ; 35    ; --       ; 4   ; no              ; no             ; no         ; no            ; TTL          ; User                 ; 10 pF ; -                    ; -                   ;
; S2     ; 36    ; --       ; 4   ; no              ; no             ; no         ; no            ; TTL          ; User                 ; 10 pF ; -                    ; -                   ;
; S3     ; 37    ; --       ; 4   ; no              ; no             ; no         ; no            ; TTL          ; User                 ; 10 pF ; -                    ; -                   ;
; SBUS   ; 41    ; --       ; 4   ; no              ; no             ; no         ; no            ; TTL          ; User                 ; 10 pF ; -                    ; -                   ;
; SEL0   ; 48    ; --       ; 5   ; no              ; no             ; no         ; no            ; TTL          ; User                 ; 10 pF ; -                    ; -                   ;
; SEL1   ; 49    ; --       ; 5   ; no              ; no             ; no         ; no            ; TTL          ; User                 ; 10 pF ; -                    ; -                   ;
; SEL2   ; 50    ; --       ; 5   ; no              ; no             ; no         ; no            ; TTL          ; User                 ; 10 pF ; -                    ; -                   ;
; SEL3   ; 51    ; --       ; 5   ; no              ; no             ; no         ; no            ; TTL          ; User                 ; 10 pF ; -                    ; -                   ;
; SELCTL ; 52    ; --       ; 5   ; no              ; no             ; no         ; no            ; TTL          ; User                 ; 10 pF ; -                    ; -                   ;
; SHORT  ; 45    ; --       ; 5   ; no              ; no             ; no         ; no            ; TTL          ; User                 ; 10 pF ; -                    ; -                   ;
; STOP   ; 28    ; --       ; 3   ; no              ; no             ; no         ; no            ; TTL          ; User                 ; 10 pF ; -                    ; -                   ;
+--------+-------+----------+-----+-----------------+----------------+------------+---------------+--------------+----------------------+-------+----------------------+---------------------+


+-------------------------------------------------------------------------------------------------------+
; All Package Pins                                                                                      ;
+----------+------------+----------+----------------+--------+--------------+---------+-----------------+
; Location ; Pad Number ; I/O Bank ; Pin Name/Usage ; Dir.   ; I/O Standard ; Voltage ; User Assignment ;
+----------+------------+----------+----------------+--------+--------------+---------+-----------------+
; 1        ; 0          ; --       ; CLR            ; input  ; TTL          ;         ; Y               ;
; 2        ; 1          ; --       ; C              ; input  ; TTL          ;         ; Y               ;
; 3        ; 2          ; --       ; VCCINT         ; power  ;              ; 5.0V    ;                 ;
; 4        ; 3          ; --       ; SWA            ; input  ; TTL          ;         ; Y               ;
; 5        ; 4          ; --       ; SWB            ; input  ; TTL          ;         ; Y               ;
; 6        ; 5          ; --       ; SWC            ; input  ; TTL          ;         ; Y               ;
; 7        ; 6          ; --       ; GND            ; gnd    ;              ;         ;                 ;
; 8        ; 7          ; --       ; IR4            ; input  ; TTL          ;         ; Y               ;
; 9        ; 8          ; --       ; IR5            ; input  ; TTL          ;         ; Y               ;
; 10       ; 9          ; --       ; IR6            ; input  ; TTL          ;         ; Y               ;
; 11       ; 10         ; --       ; IR7            ; input  ; TTL          ;         ; Y               ;
; 12       ; 11         ; --       ; W1             ; input  ; TTL          ;         ; Y               ;
; 13       ; 12         ; --       ; VCCIO          ; power  ;              ; 5.0V    ;                 ;
; 14       ; 13         ; --       ; TDI            ; input  ; TTL          ;         ; N               ;
; 15       ; 14         ; --       ; W2             ; input  ; TTL          ;         ; Y               ;
; 16       ; 15         ; --       ; W3             ; input  ; TTL          ;         ; Y               ;
; 17       ; 16         ; --       ; RESERVED       ;        ;              ;         ;                 ;
; 18       ; 17         ; --       ; PCADD          ; output ; TTL          ;         ; Y               ;
; 19       ; 18         ; --       ; GND            ; gnd    ;              ;         ;                 ;
; 20       ; 19         ; --       ; DRW            ; output ; TTL          ;         ; Y               ;
; 21       ; 20         ; --       ; PCINC          ; output ; TTL          ;         ; Y               ;
; 22       ; 21         ; --       ; LPC            ; output ; TTL          ;         ; Y               ;
; 23       ; 22         ; --       ; TMS            ; input  ; TTL          ;         ; N               ;
; 24       ; 23         ; --       ; ARINC          ; output ; TTL          ;         ; Y               ;
; 25       ; 24         ; --       ; LAR            ; output ; TTL          ;         ; Y               ;
; 26       ; 25         ; --       ; VCCIO          ; power  ;              ; 5.0V    ;                 ;
; 27       ; 26         ; --       ; MEMW           ; output ; TTL          ;         ; Y               ;
; 28       ; 27         ; --       ; STOP           ; output ; TTL          ;         ; Y               ;
; 29       ; 28         ; --       ; LIR            ; output ; TTL          ;         ; Y               ;
; 30       ; 29         ; --       ; LDZ            ; output ; TTL          ;         ; Y               ;
; 31       ; 30         ; --       ; LDC            ; output ; TTL          ;         ; Y               ;
; 32       ; 31         ; --       ; GND            ; gnd    ;              ;         ;                 ;
; 33       ; 32         ; --       ; CIN            ; output ; TTL          ;         ; Y               ;
; 34       ; 33         ; --       ; S0             ; output ; TTL          ;         ; Y               ;
; 35       ; 34         ; --       ; S1             ; output ; TTL          ;         ; Y               ;
; 36       ; 35         ; --       ; S2             ; output ; TTL          ;         ; Y               ;
; 37       ; 36         ; --       ; S3             ; output ; TTL          ;         ; Y               ;
; 38       ; 37         ; --       ; VCCIO          ; power  ;              ; 5.0V    ;                 ;
; 39       ; 38         ; --       ; M              ; output ; TTL          ;         ; Y               ;
; 40       ; 39         ; --       ; ABUS           ; output ; TTL          ;         ; Y               ;
; 41       ; 40         ; --       ; SBUS           ; output ; TTL          ;         ; Y               ;
; 42       ; 41         ; --       ; GND            ; gnd    ;              ;         ;                 ;
; 43       ; 42         ; --       ; VCCINT         ; power  ;              ; 5.0V    ;                 ;
; 44       ; 43         ; --       ; MBUS           ; output ; TTL          ;         ; Y               ;
; 45       ; 44         ; --       ; SHORT          ; output ; TTL          ;         ; Y               ;
; 46       ; 45         ; --       ; LONG           ; output ; TTL          ;         ; Y               ;
; 47       ; 46         ; --       ; GND            ; gnd    ;              ;         ;                 ;
; 48       ; 47         ; --       ; SEL0           ; output ; TTL          ;         ; Y               ;
; 49       ; 48         ; --       ; SEL1           ; output ; TTL          ;         ; Y               ;
; 50       ; 49         ; --       ; SEL2           ; output ; TTL          ;         ; Y               ;
; 51       ; 50         ; --       ; SEL3           ; output ; TTL          ;         ; Y               ;
; 52       ; 51         ; --       ; SELCTL         ; output ; TTL          ;         ; Y               ;
; 53       ; 52         ; --       ; VCCIO          ; power  ;              ; 5.0V    ;                 ;
; 54       ; 53         ; --       ; RESERVED       ;        ;              ;         ;                 ;
; 55       ; 54         ; --       ; RESERVED       ;        ;              ;         ;                 ;
; 56       ; 55         ; --       ; RESERVED       ;        ;              ;         ;                 ;
; 57       ; 56         ; --       ; RESERVED       ;        ;              ;         ;                 ;
; 58       ; 57         ; --       ; RESERVED       ;        ;              ;         ;                 ;
; 59       ; 58         ; --       ; GND            ; gnd    ;              ;         ;                 ;
; 60       ; 59         ; --       ; RESERVED       ;        ;              ;         ;                 ;
; 61       ; 60         ; --       ; RESERVED       ;        ;              ;         ;                 ;
; 62       ; 61         ; --       ; TCK            ; input  ; TTL          ;         ; N               ;
; 63       ; 62         ; --       ; RESERVED       ;        ;              ;         ;                 ;
; 64       ; 63         ; --       ; RESERVED       ;        ;              ;         ;                 ;
; 65       ; 64         ; --       ; RESERVED       ;        ;              ;         ;                 ;
; 66       ; 65         ; --       ; VCCIO          ; power  ;              ; 5.0V    ;                 ;
; 67       ; 66         ; --       ; RESERVED       ;        ;              ;         ;                 ;
; 68       ; 67         ; --       ; RESERVED       ;        ;              ;         ;                 ;
; 69       ; 68         ; --       ; RESERVED       ;        ;              ;         ;                 ;
; 70       ; 69         ; --       ; RESERVED       ;        ;              ;         ;                 ;
; 71       ; 70         ; --       ; TDO            ; output ; TTL          ;         ; N               ;
; 72       ; 71         ; --       ; GND            ; gnd    ;              ;         ;                 ;
; 73       ; 72         ; --       ; RESERVED       ;        ;              ;         ;                 ;
; 74       ; 73         ; --       ; RESERVED       ;        ;              ;         ;                 ;
; 75       ; 74         ; --       ; RESERVED       ;        ;              ;         ;                 ;
; 76       ; 75         ; --       ; RESERVED       ;        ;              ;         ;                 ;
; 77       ; 76         ; --       ; RESERVED       ;        ;              ;         ;                 ;
; 78       ; 77         ; --       ; VCCIO          ; power  ;              ; 5.0V    ;                 ;
; 79       ; 78         ; --       ; RESERVED       ;        ;              ;         ;                 ;
; 80       ; 79         ; --       ; RESERVED       ;        ;              ;         ;                 ;
; 81       ; 80         ; --       ; RESERVED       ;        ;              ;         ;                 ;
; 82       ; 81         ; --       ; GND            ; gnd    ;              ;         ;                 ;
; 83       ; 82         ; --       ; T3             ; input  ; TTL          ;         ; Y               ;
; 84       ; 83         ; --       ; Z              ; input  ; TTL          ;         ; Y               ;
+----------+------------+----------+----------------+--------+--------------+---------+-----------------+
Note: Pin directions (input, output or bidir) are based on device operating in user mode.


+--------------------------------------------------------------------------------------------------+
; I/O Standard                                                                                     ;
+--------------+------------+----------------------+-------------------+-------------------+-------+
; I/O Standard ; Input Vref ; Dedicated Input Pins ; Pins in I/O Bank1 ; Pins in I/O Bank2 ; Total ;
+--------------+------------+----------------------+-------------------+-------------------+-------+
; TTL          ; -          ; 4                    ; 0                 ; 0                 ; 4     ;
+--------------+------------+----------------------+-------------------+-------------------+-------+


+--------------------------------------------------------------------+
; Dedicated Inputs I/O                                               ;
+------+-------+-------+-------+--------------+------------+---------+
; Name ; Pin # ; Type  ; VCCIO ; I/O Standard ; Input Vref ; Current ;
+------+-------+-------+-------+--------------+------------+---------+
; C    ; 2     ; Input ; --    ; TTL          ; -          ; 0 mA    ;
; CLR  ; 1     ; Input ; --    ; TTL          ; -          ; 0 mA    ;
; T3   ; 83    ; Input ; --    ; TTL          ; -          ; 0 mA    ;
; Z    ; 84    ; Input ; --    ; TTL          ; -          ; 0 mA    ;
+------+-------+-------+-------+--------------+------------+---------+


+-----------------------------------------------+
; Output Pin Default Load For Reported TCO      ;
+--------------+-------+------------------------+
; I/O Standard ; Load  ; Termination Resistance ;
+--------------+-------+------------------------+
; 3.3-V LVTTL  ; 10 pF ; Not Available          ;
; 3.3-V LVCMOS ; 10 pF ; Not Available          ;
; TTL          ; 10 pF ; Not Available          ;
+--------------+-------+------------------------+
Note: User assignments will override these defaults. The user specified values are listed in the Output Pins and Bidir Pins tables.


+-------------------------------------------------------------------------------------+
; Fitter Resource Utilization by Entity                                               ;
+----------------------------+------------+------+---------------------+--------------+
; Compilation Hierarchy Node ; Macrocells ; Pins ; Full Hierarchy Name ; Library Name ;
+----------------------------+------------+------+---------------------+--------------+
; |controller                ; 41         ; 45   ; |controller         ; work         ;
+----------------------------+------------+------+---------------------+--------------+


+------------------------------------------------------------------------------------------------+
; Control Signals                                                                                ;
+---------+----------+---------+--------------+--------+----------------------+------------------+
; Name    ; Location ; Fan-Out ; Usage        ; Global ; Global Resource Used ; Global Line Name ;
+---------+----------+---------+--------------+--------+----------------------+------------------+
; CLR     ; PIN_1    ; 37      ; Async. clear ; yes    ; On                   ; --               ;
; FLAG~19 ; LC23     ; 3       ; Clock enable ; no     ; --                   ; --               ;
; T3      ; PIN_83   ; 1       ; Clock        ; yes    ; On                   ; --               ;
+---------+----------+---------+--------------+--------+----------------------+------------------+


+---------------------------------------------------------------------+
; Global & Other Fast Signals                                         ;
+------+----------+---------+----------------------+------------------+
; Name ; Location ; Fan-Out ; Global Resource Used ; Global Line Name ;
+------+----------+---------+----------------------+------------------+
; CLR  ; PIN_1    ; 37      ; On                   ; --               ;
; T3   ; PIN_83   ; 1       ; On                   ; --               ;
+------+----------+---------+----------------------+------------------+


+---------------------------------+
; Non-Global High Fan-Out Signals ;
+----------+----------------------+
; Name     ; Fan-Out              ;
+----------+----------------------+
; SWC      ; 35                   ;
; SWA      ; 35                   ;
; SWB      ; 34                   ;
; ST0      ; 31                   ;
; W1       ; 30                   ;
; IR7      ; 26                   ;
; IR6      ; 26                   ;
; IR4      ; 26                   ;
; IR5      ; 25                   ;
; W2       ; 19                   ;
; Z        ; 6                    ;
; C        ; 6                    ;
; FLAG~19  ; 3                    ;
; PCINC~51 ; 1                    ;
; PCINC~50 ; 1                    ;
; PCINC~47 ; 1                    ;
; PCINC~42 ; 1                    ;
; FLAG~22  ; 1                    ;
; ~GND~0   ; 1                    ;
; Mux25~14 ; 1                    ;
; Mux29~10 ; 1                    ;
; PCINC~35 ; 1                    ;
; Mux24~20 ; 1                    ;
; Mux41~16 ; 1                    ;
; PCINC~30 ; 1                    ;
; Mux23~11 ; 1                    ;
; Mux25~13 ; 1                    ;
; Mux29~9  ; 1                    ;
; Mux18~9  ; 1                    ;
; Mux26~11 ; 1                    ;
; Mux21~8  ; 1                    ;
; PCINC~29 ; 1                    ;
; Mux42~6  ; 1                    ;
; Mux19~5  ; 1                    ;
; Mux37~3  ; 1                    ;
; Mux24~19 ; 1                    ;
; Mux40~5  ; 1                    ;
; Mux39~8  ; 1                    ;
; Mux41~15 ; 1                    ;
; Mux27~6  ; 1                    ;
; Mux38~11 ; 1                    ;
; Mux34~10 ; 1                    ;
; Mux36~9  ; 1                    ;
; Mux30~9  ; 1                    ;
; Mux28~4  ; 1                    ;
; Mux31~6  ; 1                    ;
; PCINC~19 ; 1                    ;
; Mux33~5  ; 1                    ;
; Mux35~6  ; 1                    ;
; FLAG~14  ; 1                    ;
+----------+----------------------+


+------------------------------------------------+
; Interconnect Usage Summary                     ;
+----------------------------+-------------------+
; Interconnect Resource Type ; Usage             ;
+----------------------------+-------------------+
; Output enables             ; 0 / 6 ( 0 % )     ;
; PIA buffers                ; 41 / 288 ( 14 % ) ;
; PIAs                       ; 52 / 288 ( 18 % ) ;
+----------------------------+-------------------+


+----------------------------------------------------------------------------+
; LAB External Interconnect                                                  ;
+----------------------------------------------+-----------------------------+
; LAB External Interconnects  (Average = 6.50) ; Number of LABs  (Total = 4) ;
+----------------------------------------------+-----------------------------+
; 0                                            ; 4                           ;
; 1                                            ; 0                           ;
; 2                                            ; 0                           ;
; 3                                            ; 0                           ;
; 4                                            ; 0                           ;
; 5                                            ; 0                           ;
; 6                                            ; 0                           ;
; 7                                            ; 0                           ;
; 8                                            ; 0                           ;
; 9                                            ; 0                           ;
; 10                                           ; 0                           ;
; 11                                           ; 1                           ;
; 12                                           ; 1                           ;
; 13                                           ; 1                           ;
; 14                                           ; 0                           ;
; 15                                           ; 0                           ;
; 16                                           ; 1                           ;
+----------------------------------------------+-----------------------------+


+----------------------------------------------------------------------+
; LAB Macrocells                                                       ;
+----------------------------------------+-----------------------------+
; Number of Macrocells  (Average = 5.13) ; Number of LABs  (Total = 4) ;
+----------------------------------------+-----------------------------+
; 0                                      ; 4                           ;
; 1                                      ; 0                           ;
; 2                                      ; 0                           ;
; 3                                      ; 0                           ;
; 4                                      ; 0                           ;
; 5                                      ; 0                           ;
; 6                                      ; 0                           ;
; 7                                      ; 0                           ;
; 8                                      ; 1                           ;
; 9                                      ; 2                           ;
; 10                                     ; 0                           ;
; 11                                     ; 0                           ;
; 12                                     ; 0                           ;
; 13                                     ; 0                           ;
; 14                                     ; 0                           ;
; 15                                     ; 1                           ;
+----------------------------------------+-----------------------------+


+---------------------------------------------------------+
; Parallel Expander                                       ;
+--------------------------+------------------------------+
; Parallel Expander Length ; Number of Parallel Expanders ;
+--------------------------+------------------------------+
; 0                        ; 0                            ;
; 1                        ; 5                            ;
; 2                        ; 2                            ;
+--------------------------+------------------------------+


+---------------------------------------------------------------------------------------------------------------------------------------------------------------------------------------------------------------------------------------------------------------------------------------------------------------------------------------------------------------------------------------------+
; Logic Cell Interconnection                                                                                                                                                                                                                                                                                                                                                                  ;
+-----+------------+------------------------------------------------------------------+-------------------------------------------------------------------------------------------------------------------------------------------------------------------------------------------------------------------------------------------------------------------------------------------------------+
; LAB ; Logic Cell ; Input                                                            ; Output                                                                                                                                                                                                                                                                                                ;
+-----+------------+------------------------------------------------------------------+-------------------------------------------------------------------------------------------------------------------------------------------------------------------------------------------------------------------------------------------------------------------------------------------------------+
;  B  ; LC21       ; Mux24~20, CLR, ST0, W1, IR7, IR5, IR6, SWA, SWB, IR4, W2         ; DRW                                                                                                                                                                                                                                                                                                   ;
;  B  ; LC32       ; ST0, SWC, SWB, SWA                                               ; FLAG~19                                                                                                                                                                                                                                                                                               ;
;  B  ; LC23       ; FLAG~22, FLAG~19, SWC, W2, W1, FLAG~14, CLR                      ; FLAG~19, ST0, FLAG~22                                                                                                                                                                                                                                                                                 ;
;  B  ; LC31       ; T3, CLR, FLAG~19                                                 ; FLAG~14, Mux35~6, Mux33~5, PCINC~19, Mux31~6, Mux28~4, Mux30~9, Mux36~9, Mux34~10, Mux38~11, Mux27~6, Mux41~15, Mux39~8, Mux40~5, Mux24~19, Mux37~3, Mux19~5, Mux42~6, PCINC~29, Mux21~8, Mux26~11, Mux18~9, Mux25~13, Mux23~11, PCINC~30, Mux41~16, Mux24~20, PCINC~35, Mux29~10, PCINC~42, PCINC~47 ;
;  B  ; LC27       ; PCINC~30, W1, IR4, ST0, CLR, SWC, SWA, SWB, IR6, Z, W2, IR5, IR7 ; PCINC~50                                                                                                                                                                                                                                                                                              ;
;  B  ; LC17       ; W1, CLR, SWC, SWA, SWB, ST0, IR4, IR5, IR6, IR7                  ; LPC                                                                                                                                                                                                                                                                                                   ;
;  B  ; LC24       ; C, IR6, IR7, IR4, IR5, W1, ST0, CLR, SWC, SWA, SWB, Z            ; PCADD                                                                                                                                                                                                                                                                                                 ;
;  B  ; LC30       ; PCINC~35, W1, IR4, ST0, CLR, SWC, SWA, SWB, IR6, Z, W2, IR5, IR7 ; PCINC~51                                                                                                                                                                                                                                                                                              ;
;  B  ; LC26       ; PCINC~42, W1, IR4, IR5, ST0, CLR, SWC, SWA, SWB, IR6, C, IR7, W2 ; PCINC~19                                                                                                                                                                                                                                                                                              ;
;  B  ; LC20       ; SWC, CLR, W1, SWA, SWB, W2, IR4, ST0, IR7, IR6                   ; Mux24~19                                                                                                                                                                                                                                                                                              ;
;  B  ; LC29       ; PCINC~47, W1, IR4, IR5, ST0, CLR, SWC, SWA, SWB, IR6, C, IR7, W2 ; PCINC~29                                                                                                                                                                                                                                                                                              ;
;  B  ; LC22       ; CLR, FLAG~19                                                     ; FLAG~19                                                                                                                                                                                                                                                                                               ;
;  B  ; LC25       ; IR5, W1, ST0, CLR, SWC, SWA, SWB, IR6, C, IR7, IR4, W2, Z        ; PCINC~30                                                                                                                                                                                                                                                                                              ;
;  B  ; LC28       ; IR5, W1, ST0, CLR, SWC, SWA, SWB, IR6, C, IR7, IR4, W2, Z        ; PCINC~35                                                                                                                                                                                                                                                                                              ;
;  B  ; LC19       ; PCINC~19                                                         ; PCINC                                                                                                                                                                                                                                                                                                 ;
;  C  ; LC38       ; PCINC~29                                                         ; LIR                                                                                                                                                                                                                                                                                                   ;
;  C  ; LC46       ; W1, ST0, CLR, SWC, SWA, SWB                                      ; ARINC                                                                                                                                                                                                                                                                                                 ;
;  C  ; LC43       ; SWB, SWA, IR4, IR5, W2, IR6, IR7, ST0, CLR, SWC, W1              ; MEMW                                                                                                                                                                                                                                                                                                  ;
;  C  ; LC37       ; IR5, IR4, IR6, W1, ST0, CLR, SWC, SWA, SWB, IR7                  ; LDZ                                                                                                                                                                                                                                                                                                   ;
;  C  ; LC35       ; IR4, IR5, IR6, IR7, W1, ST0, CLR, SWC, SWA, SWB                  ; LDC                                                                                                                                                                                                                                                                                                   ;
;  C  ; LC45       ; W1, SWB, ST0, SWA, CLR, SWC, IR4, IR5, IR6, IR7                  ; LAR                                                                                                                                                                                                                                                                                                   ;
;  C  ; LC40       ; Mux25~14, ST0, W1, CLR, SWC, IR4, IR5, IR6, IR7, SWA, SWB        ; STOP                                                                                                                                                                                                                                                                                                  ;
;  C  ; LC39       ; W2, CLR, SWC, SWA, SWB                                           ; Mux25~13                                                                                                                                                                                                                                                                                              ;
;  D  ; LC59       ; IR6, IR5, IR4, ST0, CLR, SWC, SWA, SWB, IR7                      ; S1                                                                                                                                                                                                                                                                                                    ;
;  D  ; LC56       ; IR4, IR5, ST0, CLR, SWC, SWA, SWB, IR6, IR7                      ; S3                                                                                                                                                                                                                                                                                                    ;
;  D  ; LC61       ; IR5, IR7, IR4, ST0, CLR, SWC, SWA, SWB, W1, IR6                  ; S0                                                                                                                                                                                                                                                                                                    ;
;  D  ; LC57       ; IR4, IR7, IR5, IR6, ST0, CLR, SWC, SWA, SWB, W1                  ; S2                                                                                                                                                                                                                                                                                                    ;
;  D  ; LC51       ; IR7, IR5, W1, IR4, ST0, CLR, SWC, SWA, SWB, W2, IR6              ; ABUS                                                                                                                                                                                                                                                                                                  ;
;  D  ; LC64       ; IR4, IR5, IR6, IR7, W1, ST0, CLR, SWC, SWA, SWB                  ; CIN                                                                                                                                                                                                                                                                                                   ;
;  D  ; LC53       ; Mux41~16, W1, IR4, IR5, IR6, ST0, CLR, SWC, SWA, SWB, IR7, W2    ; M                                                                                                                                                                                                                                                                                                     ;
;  D  ; LC49       ; CLR, SWB, SWA, SWC, W1, W2, ST0                                  ; SBUS                                                                                                                                                                                                                                                                                                  ;
;  D  ; LC52       ; W1, IR4, IR5, IR6, IR7, ST0, CLR, SWC, SWA, SWB                  ; Mux41~15                                                                                                                                                                                                                                                                                              ;
;  E  ; LC67       ; Mux29~10, IR6, IR4, W1, CLR, SWC, IR5, SWA, C, IR7, SWB          ; SHORT                                                                                                                                                                                                                                                                                                 ;
;  E  ; LC66       ; W1, CLR, SWC, ST0, SWA, IR6, IR7, IR5, IR4, Z                    ; Mux29~9                                                                                                                                                                                                                                                                                               ;
;  E  ; LC65       ; SWB, IR4, IR5, W2, IR6, IR7, CLR, SWC, ST0, SWA, W1              ; MBUS                                                                                                                                                                                                                                                                                                  ;
;  E  ; LC69       ;                                                                  ; LONG                                                                                                                                                                                                                                                                                                  ;
;  E  ; LC80       ; CLR, SWC, SWA, SWB, ST0, W1                                      ; SELCTL                                                                                                                                                                                                                                                                                                ;
;  E  ; LC73       ; W1, ST0, SWC, CLR, SWA, SWB, W2                                  ; SEL1                                                                                                                                                                                                                                                                                                  ;
;  E  ; LC75       ; CLR, W2, SWC, SWA, SWB                                           ; SEL2                                                                                                                                                                                                                                                                                                  ;
;  E  ; LC72       ; W1, SWC, CLR, SWA, SWB, W2                                       ; SEL0                                                                                                                                                                                                                                                                                                  ;
;  E  ; LC77       ; SWC, W2, CLR, SWA, SWB, ST0                                      ; SEL3                                                                                                                                                                                                                                                                                                  ;
+-----+------------+------------------------------------------------------------------+-------------------------------------------------------------------------------------------------------------------------------------------------------------------------------------------------------------------------------------------------------------------------------------------------------+


+---------------------------------------------------------------+
; Fitter Device Options                                         ;
+----------------------------------------------+----------------+
; Option                                       ; Setting        ;
+----------------------------------------------+----------------+
; Enable user-supplied start-up clock (CLKUSR) ; Off            ;
; Enable device-wide reset (DEV_CLRn)          ; Off            ;
; Enable device-wide output enable (DEV_OE)    ; Off            ;
; Enable INIT_DONE output                      ; Off            ;
; Configuration scheme                         ; Passive Serial ;
; Security bit                                 ; Off            ;
; Base pin-out file on sameframe device        ; Off            ;
+----------------------------------------------+----------------+


+-----------------+
; Fitter Messages ;
+-----------------+
Info: *******************************************************************
Info: Running Quartus II Fitter
    Info: Version 9.1 Build 222 10/21/2009 SJ Full Version
    Info: Processing started: Mon Jul 05 11:12:22 2021
Info: Command: quartus_fit --read_settings_files=off --write_settings_files=off controller -c controller
Info: Parallel compilation is enabled and will use 4 of the 4 processors detected
Info: Selected device EPM7128SLC84-15 for design "controller"
Warning: Macrocell buffer inserted after node "PCINC~19"
Warning: Macrocell buffer inserted after node "PCINC~29"
Info: Quartus II Fitter was successful. 0 errors, 2 warnings
    Info: Peak virtual memory: 188 megabytes
    Info: Processing ended: Mon Jul 05 11:12:22 2021
    Info: Elapsed time: 00:00:00
    Info: Total CPU time (on all processors): 00:00:01


